[github.com/flipped-aurora/gin-vue-admin/server]2023/03/22 - 00:01:33.140	[34minfo[0m	/Users/yangpanda/Desktop/private job/å„¿ç«¥é˜²ä¸¢å¤±ç³»ç»Ÿ/child/server/api/v1/system/sys_initdb.go:57	å‰å¾€åˆå§‹åŒ–æ•°æ®åº“
[github.com/flipped-aurora/gin-vue-admin/server]2023/03/22 - 08:01:25.568	[34minfo[0m	/Users/yangpanda/Desktop/private job/å„¿ç«¥é˜²ä¸¢å¤±ç³»ç»Ÿ/child/server/initialize/gorm.go:60	register table success
[github.com/flipped-aurora/gin-vue-admin/server]2023/03/22 - 08:01:25.639	[34minfo[0m	/Users/yangpanda/Desktop/private job/å„¿ç«¥é˜²ä¸¢å¤±ç³»ç»Ÿ/child/server/initialize/router.go:39	register swagger handler
[github.com/flipped-aurora/gin-vue-admin/server]2023/03/22 - 08:01:25.692	[34minfo[0m	/Users/yangpanda/Desktop/private job/å„¿ç«¥é˜²ä¸¢å¤±ç³»ç»Ÿ/child/server/initialize/router.go:75	router register success
[github.com/flipped-aurora/gin-vue-admin/server]2023/03/22 - 08:01:25.692	[34minfo[0m	/Users/yangpanda/Desktop/private job/å„¿ç«¥é˜²ä¸¢å¤±ç³»ç»Ÿ/child/server/core/server.go:36	server run success on 	{"address": ":9529"}
[github.com/flipped-aurora/gin-vue-admin/server]2023/03/22 - 08:37:21.396	[34minfo[0m	/Users/yangpanda/Desktop/private job/å„¿ç«¥é˜²ä¸¢å¤±ç³»ç»Ÿ/child/server/initialize/gorm.go:57	register table success
[github.com/flipped-aurora/gin-vue-admin/server]2023/03/22 - 08:37:21.413	[34minfo[0m	/Users/yangpanda/Desktop/private job/å„¿ç«¥é˜²ä¸¢å¤±ç³»ç»Ÿ/child/server/initialize/router.go:39	register swagger handler
[github.com/flipped-aurora/gin-vue-admin/server]2023/03/22 - 08:37:21.465	[34minfo[0m	/Users/yangpanda/Desktop/private job/å„¿ç«¥é˜²ä¸¢å¤±ç³»ç»Ÿ/child/server/initialize/router.go:79	router register success
[github.com/flipped-aurora/gin-vue-admin/server]2023/03/22 - 08:37:21.467	[34minfo[0m	/Users/yangpanda/Desktop/private job/å„¿ç«¥é˜²ä¸¢å¤±ç³»ç»Ÿ/child/server/core/server.go:36	server run success on 	{"address": ":9529"}
[github.com/flipped-aurora/gin-vue-admin/server]2023/03/22 - 08:47:56.958	[34minfo[0m	/Users/yangpanda/Desktop/private job/å„¿ç«¥é˜²ä¸¢å¤±ç³»ç»Ÿ/child/server/initialize/gorm.go:57	register table success
[github.com/flipped-aurora/gin-vue-admin/server]2023/03/22 - 08:47:56.972	[34minfo[0m	/Users/yangpanda/Desktop/private job/å„¿ç«¥é˜²ä¸¢å¤±ç³»ç»Ÿ/child/server/initialize/router.go:39	register swagger handler
[github.com/flipped-aurora/gin-vue-admin/server]2023/03/22 - 08:47:56.993	[34minfo[0m	/Users/yangpanda/Desktop/private job/å„¿ç«¥é˜²ä¸¢å¤±ç³»ç»Ÿ/child/server/initialize/router.go:80	router register success
[github.com/flipped-aurora/gin-vue-admin/server]2023/03/22 - 08:47:56.995	[34minfo[0m	/Users/yangpanda/Desktop/private job/å„¿ç«¥é˜²ä¸¢å¤±ç³»ç»Ÿ/child/server/core/server.go:36	server run success on 	{"address": ":9529"}
[github.com/flipped-aurora/gin-vue-admin/server]2023/03/22 - 13:36:13.693	[34minfo[0m	/Users/yangpanda/Desktop/private job/å„¿ç«¥é˜²ä¸¢å¤±ç³»ç»Ÿ/child/server/initialize/gorm.go:57	register table success
[github.com/flipped-aurora/gin-vue-admin/server]2023/03/22 - 13:36:13.709	[34minfo[0m	/Users/yangpanda/Desktop/private job/å„¿ç«¥é˜²ä¸¢å¤±ç³»ç»Ÿ/child/server/initialize/router.go:39	register swagger handler
[github.com/flipped-aurora/gin-vue-admin/server]2023/03/22 - 13:36:13.734	[34minfo[0m	/Users/yangpanda/Desktop/private job/å„¿ç«¥é˜²ä¸¢å¤±ç³»ç»Ÿ/child/server/initialize/router.go:80	router register success
[github.com/flipped-aurora/gin-vue-admin/server]2023/03/22 - 13:36:13.734	[34minfo[0m	/Users/yangpanda/Desktop/private job/å„¿ç«¥é˜²ä¸¢å¤±ç³»ç»Ÿ/child/server/core/server.go:36	server run success on 	{"address": ":9529"}
[github.com/flipped-aurora/gin-vue-admin/server]2023/03/22 - 13:38:31.275	[34minfo[0m	/Users/yangpanda/Desktop/private job/å„¿ç«¥é˜²ä¸¢å¤±ç³»ç»Ÿ/child/server/initialize/gorm.go:57	register table success
[github.com/flipped-aurora/gin-vue-admin/server]2023/03/22 - 13:38:31.289	[34minfo[0m	/Users/yangpanda/Desktop/private job/å„¿ç«¥é˜²ä¸¢å¤±ç³»ç»Ÿ/child/server/initialize/router.go:39	register swagger handler
[github.com/flipped-aurora/gin-vue-admin/server]2023/03/22 - 13:38:31.311	[34minfo[0m	/Users/yangpanda/Desktop/private job/å„¿ç«¥é˜²ä¸¢å¤±ç³»ç»Ÿ/child/server/initialize/router.go:80	router register success
[github.com/flipped-aurora/gin-vue-admin/server]2023/03/22 - 13:38:31.312	[34minfo[0m	/Users/yangpanda/Desktop/private job/å„¿ç«¥é˜²ä¸¢å¤±ç³»ç»Ÿ/child/server/core/server.go:36	server run success on 	{"address": ":9529"}
[github.com/flipped-aurora/gin-vue-admin/server]2023/03/22 - 14:13:44.661	[34minfo[0m	/Users/yangpanda/Desktop/private job/å„¿ç«¥é˜²ä¸¢å¤±ç³»ç»Ÿ/child/server/initialize/gorm.go:57	register table success
[github.com/flipped-aurora/gin-vue-admin/server]2023/03/22 - 14:13:44.675	[34minfo[0m	/Users/yangpanda/Desktop/private job/å„¿ç«¥é˜²ä¸¢å¤±ç³»ç»Ÿ/child/server/initialize/router.go:47	register swagger handler
[github.com/flipped-aurora/gin-vue-admin/server]2023/03/22 - 14:13:44.702	[34minfo[0m	/Users/yangpanda/Desktop/private job/å„¿ç«¥é˜²ä¸¢å¤±ç³»ç»Ÿ/child/server/initialize/router.go:92	router register success
[github.com/flipped-aurora/gin-vue-admin/server]2023/03/22 - 14:13:44.702	[34minfo[0m	/Users/yangpanda/Desktop/private job/å„¿ç«¥é˜²ä¸¢å¤±ç³»ç»Ÿ/child/server/core/server.go:36	server run success on 	{"address": ":9529"}
[github.com/flipped-aurora/gin-vue-admin/server]2023/03/22 - 14:31:45.077	[34minfo[0m	/Users/yangpanda/Desktop/private job/å„¿ç«¥é˜²ä¸¢å¤±ç³»ç»Ÿ/child/server/initialize/gorm.go:57	register table success
[github.com/flipped-aurora/gin-vue-admin/server]2023/03/22 - 14:31:45.098	[34minfo[0m	/Users/yangpanda/Desktop/private job/å„¿ç«¥é˜²ä¸¢å¤±ç³»ç»Ÿ/child/server/initialize/router.go:47	register swagger handler
[github.com/flipped-aurora/gin-vue-admin/server]2023/03/22 - 14:31:45.134	[34minfo[0m	/Users/yangpanda/Desktop/private job/å„¿ç«¥é˜²ä¸¢å¤±ç³»ç»Ÿ/child/server/initialize/router.go:92	router register success
[github.com/flipped-aurora/gin-vue-admin/server]2023/03/22 - 14:31:45.135	[34minfo[0m	/Users/yangpanda/Desktop/private job/å„¿ç«¥é˜²ä¸¢å¤±ç³»ç»Ÿ/child/server/core/server.go:36	server run success on 	{"address": ":9529"}
[github.com/flipped-aurora/gin-vue-admin/server]2023/03/22 - 14:46:33.401	[34minfo[0m	/Users/yangpanda/Desktop/private job/å„¿ç«¥é˜²ä¸¢å¤±ç³»ç»Ÿ/child/server/initialize/gorm.go:57	register table success
[github.com/flipped-aurora/gin-vue-admin/server]2023/03/22 - 14:46:33.416	[34minfo[0m	/Users/yangpanda/Desktop/private job/å„¿ç«¥é˜²ä¸¢å¤±ç³»ç»Ÿ/child/server/initialize/router.go:47	register swagger handler
[github.com/flipped-aurora/gin-vue-admin/server]2023/03/22 - 14:46:33.433	[34minfo[0m	/Users/yangpanda/Desktop/private job/å„¿ç«¥é˜²ä¸¢å¤±ç³»ç»Ÿ/child/server/initialize/router.go:93	router register success
[github.com/flipped-aurora/gin-vue-admin/server]2023/03/22 - 14:46:33.433	[34minfo[0m	/Users/yangpanda/Desktop/private job/å„¿ç«¥é˜²ä¸¢å¤±ç³»ç»Ÿ/child/server/core/server.go:36	server run success on 	{"address": ":9529"}
[github.com/flipped-aurora/gin-vue-admin/server]2023/03/22 - 14:59:06.784	[34minfo[0m	/Users/yangpanda/Desktop/private job/å„¿ç«¥é˜²ä¸¢å¤±ç³»ç»Ÿ/child/server/initialize/gorm.go:57	register table success
[github.com/flipped-aurora/gin-vue-admin/server]2023/03/22 - 14:59:06.800	[34minfo[0m	/Users/yangpanda/Desktop/private job/å„¿ç«¥é˜²ä¸¢å¤±ç³»ç»Ÿ/child/server/initialize/router.go:47	register swagger handler
[github.com/flipped-aurora/gin-vue-admin/server]2023/03/22 - 14:59:06.823	[34minfo[0m	/Users/yangpanda/Desktop/private job/å„¿ç«¥é˜²ä¸¢å¤±ç³»ç»Ÿ/child/server/initialize/router.go:94	router register success
[github.com/flipped-aurora/gin-vue-admin/server]2023/03/22 - 14:59:06.823	[34minfo[0m	/Users/yangpanda/Desktop/private job/å„¿ç«¥é˜²ä¸¢å¤±ç³»ç»Ÿ/child/server/core/server.go:36	server run success on 	{"address": ":9529"}
[github.com/flipped-aurora/gin-vue-admin/server]2023/03/22 - 15:13:42.099	[34minfo[0m	/Users/yangpanda/Desktop/private job/å„¿ç«¥é˜²ä¸¢å¤±ç³»ç»Ÿ/child/server/initialize/gorm.go:57	register table success
[github.com/flipped-aurora/gin-vue-admin/server]2023/03/22 - 15:13:42.115	[34minfo[0m	/Users/yangpanda/Desktop/private job/å„¿ç«¥é˜²ä¸¢å¤±ç³»ç»Ÿ/child/server/initialize/router.go:47	register swagger handler
[github.com/flipped-aurora/gin-vue-admin/server]2023/03/22 - 15:13:42.158	[34minfo[0m	/Users/yangpanda/Desktop/private job/å„¿ç«¥é˜²ä¸¢å¤±ç³»ç»Ÿ/child/server/initialize/router.go:94	router register success
[github.com/flipped-aurora/gin-vue-admin/server]2023/03/22 - 15:13:42.158	[34minfo[0m	/Users/yangpanda/Desktop/private job/å„¿ç«¥é˜²ä¸¢å¤±ç³»ç»Ÿ/child/server/core/server.go:36	server run success on 	{"address": ":9529"}
[github.com/flipped-aurora/gin-vue-admin/server]2023/03/22 - 15:15:42.287	[34minfo[0m	/Users/yangpanda/Desktop/private job/å„¿ç«¥é˜²ä¸¢å¤±ç³»ç»Ÿ/child/server/initialize/gorm.go:57	register table success
[github.com/flipped-aurora/gin-vue-admin/server]2023/03/22 - 15:15:42.302	[34minfo[0m	/Users/yangpanda/Desktop/private job/å„¿ç«¥é˜²ä¸¢å¤±ç³»ç»Ÿ/child/server/initialize/router.go:47	register swagger handler
[github.com/flipped-aurora/gin-vue-admin/server]2023/03/22 - 15:17:38.296	[34minfo[0m	/Users/yangpanda/Desktop/private job/å„¿ç«¥é˜²ä¸¢å¤±ç³»ç»Ÿ/child/server/initialize/gorm.go:57	register table success
[github.com/flipped-aurora/gin-vue-admin/server]2023/03/22 - 15:17:38.309	[34minfo[0m	/Users/yangpanda/Desktop/private job/å„¿ç«¥é˜²ä¸¢å¤±ç³»ç»Ÿ/child/server/initialize/router.go:47	register swagger handler
[github.com/flipped-aurora/gin-vue-admin/server]2023/03/22 - 15:17:38.328	[34minfo[0m	/Users/yangpanda/Desktop/private job/å„¿ç«¥é˜²ä¸¢å¤±ç³»ç»Ÿ/child/server/initialize/router.go:96	router register success
[github.com/flipped-aurora/gin-vue-admin/server]2023/03/22 - 15:17:38.328	[34minfo[0m	/Users/yangpanda/Desktop/private job/å„¿ç«¥é˜²ä¸¢å¤±ç³»ç»Ÿ/child/server/core/server.go:36	server run success on 	{"address": ":9529"}
[github.com/flipped-aurora/gin-vue-admin/server]2023/03/22 - 15:19:56.463	[34minfo[0m	/Users/yangpanda/Desktop/private job/å„¿ç«¥é˜²ä¸¢å¤±ç³»ç»Ÿ/child/server/initialize/gorm.go:57	register table success
[github.com/flipped-aurora/gin-vue-admin/server]2023/03/22 - 15:19:56.476	[34minfo[0m	/Users/yangpanda/Desktop/private job/å„¿ç«¥é˜²ä¸¢å¤±ç³»ç»Ÿ/child/server/initialize/router.go:47	register swagger handler
[github.com/flipped-aurora/gin-vue-admin/server]2023/03/22 - 15:19:56.506	[34minfo[0m	/Users/yangpanda/Desktop/private job/å„¿ç«¥é˜²ä¸¢å¤±ç³»ç»Ÿ/child/server/initialize/router.go:96	router register success
[github.com/flipped-aurora/gin-vue-admin/server]2023/03/22 - 15:19:56.507	[34minfo[0m	/Users/yangpanda/Desktop/private job/å„¿ç«¥é˜²ä¸¢å¤±ç³»ç»Ÿ/child/server/core/server.go:36	server run success on 	{"address": ":9529"}
[github.com/flipped-aurora/gin-vue-admin/server]2023/03/22 - 15:29:02.844	[34minfo[0m	/Users/yangpanda/Desktop/private job/å„¿ç«¥é˜²ä¸¢å¤±ç³»ç»Ÿ/child/server/initialize/gorm.go:57	register table success
[github.com/flipped-aurora/gin-vue-admin/server]2023/03/22 - 15:29:02.856	[34minfo[0m	/Users/yangpanda/Desktop/private job/å„¿ç«¥é˜²ä¸¢å¤±ç³»ç»Ÿ/child/server/initialize/router.go:47	register swagger handler
[github.com/flipped-aurora/gin-vue-admin/server]2023/03/22 - 15:29:02.874	[34minfo[0m	/Users/yangpanda/Desktop/private job/å„¿ç«¥é˜²ä¸¢å¤±ç³»ç»Ÿ/child/server/initialize/router.go:97	router register success
[github.com/flipped-aurora/gin-vue-admin/server]2023/03/22 - 15:29:02.874	[34minfo[0m	/Users/yangpanda/Desktop/private job/å„¿ç«¥é˜²ä¸¢å¤±ç³»ç»Ÿ/child/server/core/server.go:36	server run success on 	{"address": ":9529"}
[github.com/flipped-aurora/gin-vue-admin/server]2023/03/22 - 19:37:19.987	[34minfo[0m	/Users/yangpanda/Desktop/private job/å„¿ç«¥é˜²ä¸¢å¤±ç³»ç»Ÿ/child/server/initialize/gorm.go:57	register table success
[github.com/flipped-aurora/gin-vue-admin/server]2023/03/22 - 19:37:20.003	[34minfo[0m	/Users/yangpanda/Desktop/private job/å„¿ç«¥é˜²ä¸¢å¤±ç³»ç»Ÿ/child/server/initialize/router.go:47	register swagger handler
[github.com/flipped-aurora/gin-vue-admin/server]2023/03/22 - 19:37:20.071	[34minfo[0m	/Users/yangpanda/Desktop/private job/å„¿ç«¥é˜²ä¸¢å¤±ç³»ç»Ÿ/child/server/initialize/router.go:97	router register success
[github.com/flipped-aurora/gin-vue-admin/server]2023/03/22 - 19:37:20.071	[34minfo[0m	/Users/yangpanda/Desktop/private job/å„¿ç«¥é˜²ä¸¢å¤±ç³»ç»Ÿ/child/server/core/server.go:36	server run success on 	{"address": ":9529"}
